<?xml version="1.0" encoding="UTF-8"?>
<!-- Generated by org.testng.reporters.JUnitReportReporter -->
<testsuite hostname="DESKTOP-G6DMJKE" failures="0" tests="12" name="Api.Testcases.TestUsersDD" time="25.618" errors="0" timestamp="2023-08-02T18:27:58 IST" skipped="0">
  <testcase classname="Api.Testcases.TestUsersDD" name="postusers" time="7.649"/>
  <system-out/>
  <testcase classname="Api.Testcases.TestUsersDD" name="postusers" time="1.386"/>
  <system-out/>
  <testcase classname="Api.Testcases.TestUsersDD" name="postusers" time="1.268"/>
  <system-out/>
  <testcase classname="Api.Testcases.TestUsersDD" name="Getusers" time="1.424"/>
  <system-out/>
  <testcase classname="Api.Testcases.TestUsersDD" name="Getusers" time="1.307"/>
  <system-out/>
  <testcase classname="Api.Testcases.TestUsersDD" name="Getusers" time="1.283"/>
  <system-out/>
  <testcase classname="Api.Testcases.TestUsersDD" name="Putusers" time="2.470"/>
  <system-out/>
  <testcase classname="Api.Testcases.TestUsersDD" name="Putusers" time="2.690"/>
  <system-out/>
  <testcase classname="Api.Testcases.TestUsersDD" name="Putusers" time="2.475"/>
  <system-out/>
  <testcase classname="Api.Testcases.TestUsersDD" name="Deleteusers" time="1.197"/>
  <system-out/>
  <testcase classname="Api.Testcases.TestUsersDD" name="Deleteusers" time="1.167"/>
  <system-out/>
  <testcase classname="Api.Testcases.TestUsersDD" name="Deleteusers" time="1.302"/>
  <system-out/>
</testsuite> <!-- Api.Testcases.TestUsersDD -->
