<?xml version="1.0" encoding="UTF-8"?>
<!-- Generated by org.testng.reporters.JUnitReportReporter -->
<testsuite hostname="DESKTOP-G6DMJKE" failures="0" tests="12" name="Api.Testcases.TestUsersDD2" time="25.771" errors="0" timestamp="2023-08-03T15:32:00 IST" skipped="0">
  <testcase classname="Api.Testcases.TestUsersDD2" name="postusers" time="1.368"/>
  <system-out/>
  <testcase classname="Api.Testcases.TestUsersDD2" name="postusers" time="7.740"/>
  <system-out/>
  <testcase classname="Api.Testcases.TestUsersDD2" name="postusers" time="1.336"/>
  <system-out/>
  <testcase classname="Api.Testcases.TestUsersDD2" name="Getusers" time="1.320"/>
  <system-out/>
  <testcase classname="Api.Testcases.TestUsersDD2" name="Getusers" time="1.260"/>
  <system-out/>
  <testcase classname="Api.Testcases.TestUsersDD2" name="Getusers" time="1.370"/>
  <system-out/>
  <testcase classname="Api.Testcases.TestUsersDD2" name="Putusers" time="2.423"/>
  <system-out/>
  <testcase classname="Api.Testcases.TestUsersDD2" name="Putusers" time="2.453"/>
  <system-out/>
  <testcase classname="Api.Testcases.TestUsersDD2" name="Putusers" time="2.880"/>
  <system-out/>
  <testcase classname="Api.Testcases.TestUsersDD2" name="Deleteusers" time="1.227"/>
  <system-out/>
  <testcase classname="Api.Testcases.TestUsersDD2" name="Deleteusers" time="1.205"/>
  <system-out/>
  <testcase classname="Api.Testcases.TestUsersDD2" name="Deleteusers" time="1.189"/>
  <system-out/>
</testsuite> <!-- Api.Testcases.TestUsersDD2 -->
