<?xml version="1.0" encoding="UTF-8"?>
<!-- Generated by org.testng.reporters.JUnitReportReporter -->
<testsuite hostname="DESKTOP-G6DMJKE" failures="0" tests="4" name="Api.Testcases.TestUsers" time="14.026" errors="0" timestamp="2023-08-01T17:36:32 IST" skipped="0">
  <testcase classname="Api.Testcases.TestUsers" name="postusers" time="8.639"/>
  <system-out/>
  <testcase classname="Api.Testcases.TestUsers" name="Getusers" time="1.433"/>
  <system-out/>
  <testcase classname="Api.Testcases.TestUsers" name="Putusers" time="2.628"/>
  <system-out/>
  <testcase classname="Api.Testcases.TestUsers" name="Deleteusers" time="1.326"/>
  <system-out/>
</testsuite> <!-- Api.Testcases.TestUsers -->
