<?xml version="1.0" encoding="UTF-8"?>
<!-- Generated by org.testng.reporters.JUnitReportReporter -->
<testsuite hostname="DESKTOP-G6DMJKE" failures="0" tests="12" name="Api.Testcases.TestUsersDD" time="26.179" errors="0" timestamp="2023-08-03T16:48:21 IST" skipped="0">
  <testcase classname="Api.Testcases.TestUsersDD" name="postusers" time="8.782"/>
  <system-out/>
  <testcase classname="Api.Testcases.TestUsersDD" name="postusers" time="1.256"/>
  <system-out/>
  <testcase classname="Api.Testcases.TestUsersDD" name="postusers" time="1.321"/>
  <system-out/>
  <testcase classname="Api.Testcases.TestUsersDD" name="Getusers" time="1.242"/>
  <system-out/>
  <testcase classname="Api.Testcases.TestUsersDD" name="Getusers" time="1.399"/>
  <system-out/>
  <testcase classname="Api.Testcases.TestUsersDD" name="Getusers" time="1.209"/>
  <system-out/>
  <testcase classname="Api.Testcases.TestUsersDD" name="Putusers" time="2.420"/>
  <system-out/>
  <testcase classname="Api.Testcases.TestUsersDD" name="Putusers" time="2.465"/>
  <system-out/>
  <testcase classname="Api.Testcases.TestUsersDD" name="Putusers" time="2.484"/>
  <system-out/>
  <testcase classname="Api.Testcases.TestUsersDD" name="Deleteusers" time="1.214"/>
  <system-out/>
  <testcase classname="Api.Testcases.TestUsersDD" name="Deleteusers" time="1.193"/>
  <system-out/>
  <testcase classname="Api.Testcases.TestUsersDD" name="Deleteusers" time="1.194"/>
  <system-out/>
</testsuite> <!-- Api.Testcases.TestUsersDD -->
